# JRE version: Java(TM) SE Runtime Environment (8.0_60-b27) (build 1.8.0_60-b27)
# Java VM: Java HotSpot(TM) 64-Bit Server VM (25.60-b23 mixed mode bsd-amd64 compressed oops)
Heap:
 PSYoungGen      total 305152K, used 231277K [0x00000007aab00000, 0x00000007bf100000, 0x00000007c0000000)
  eden space 300032K, 77% used [0x00000007aab00000,0x00000007b8cdb6f8,0x00000007bd000000)
  from space 5120K, 0% used [0x00000007bd000000,0x00000007bd000000,0x00000007bd500000)
  to   space 16896K, 0% used [0x00000007be080000,0x00000007be080000,0x00000007bf100000)
 ParOldGen       total 127488K, used 63280K [0x0000000780000000, 0x0000000787c80000, 0x00000007aab00000)
  object space 127488K, 49% used [0x0000000780000000,0x0000000783dcc1e0,0x0000000787c80000)
 Metaspace       used 57064K, capacity 60120K, committed 60416K, reserved 1101824K
  class space    used 7801K, capacity 8890K, committed 8960K, reserved 1048576K
GC Heap History (10 events):
Event: 12.718 GC heap before
{Heap before GC invocations=17 (full 2):
 PSYoungGen      total 245248K, used 5948K [0x00000007aab00000, 0x00000007bf280000, 0x00000007c0000000)
  eden space 238080K, 0% used [0x00000007aab00000,0x00000007aab00000,0x00000007b9380000)
  from space 7168K, 82% used [0x00000007b9380000,0x00000007b994f0a8,0x00000007b9a80000)
  to   space 7680K, 0% used [0x00000007beb00000,0x00000007beb00000,0x00000007bf280000)
 ParOldGen       total 38912K, used 22676K [0x0000000780000000, 0x0000000782600000, 0x00000007aab00000)
  object space 38912K, 58% used [0x0000000780000000,0x0000000781625170,0x0000000782600000)
 Metaspace       used 34037K, capacity 35370K, committed 35416K, reserved 1079296K
  class space    used 4560K, capacity 5097K, committed 5120K, reserved 1048576K
Event: 12.908 GC heap after
Heap after GC invocations=17 (full 2):
 PSYoungGen      total 245248K, used 0K [0x00000007aab00000, 0x00000007bf280000, 0x00000007c0000000)
  eden space 238080K, 0% used [0x00000007aab00000,0x00000007aab00000,0x00000007b9380000)
  from space 7168K, 0% used [0x00000007b9380000,0x00000007b9380000,0x00000007b9a80000)
  to   space 7680K, 0% used [0x00000007beb00000,0x00000007beb00000,0x00000007bf280000)
 ParOldGen       total 65536K, used 23939K [0x0000000780000000, 0x0000000784000000, 0x00000007aab00000)
  object space 65536K, 36% used [0x0000000780000000,0x0000000781760d78,0x0000000784000000)
 Metaspace       used 33856K, capacity 34754K, committed 35416K, reserved 1079296K
  class space    used 4519K, capacity 4893K, committed 5120K, reserved 1048576K
}
Event: 21.694 GC heap before
{Heap before GC invocations=18 (full 2):
 PSYoungGen      total 245248K, used 238080K [0x00000007aab00000, 0x00000007bf280000, 0x00000007c0000000)
  eden space 238080K, 100% used [0x00000007aab00000,0x00000007b9380000,0x00000007b9380000)
  from space 7168K, 0% used [0x00000007b9380000,0x00000007b9380000,0x00000007b9a80000)
  to   space 7680K, 0% used [0x00000007beb00000,0x00000007beb00000,0x00000007bf280000)
 ParOldGen       total 65536K, used 23939K [0x0000000780000000, 0x0000000784000000, 0x00000007aab00000)
  object space 65536K, 36% used [0x0000000780000000,0x0000000781760d78,0x0000000784000000)
 Metaspace       used 44986K, capacity 46602K, committed 46848K, reserved 1089536K
  class space    used 6144K, capacity 6817K, committed 6912K, reserved 1048576K
Event: 21.785 GC heap after
Heap after GC invocations=18 (full 2):
 PSYoungGen      total 307712K, used 7680K [0x00000007aab00000, 0x00000007bf300000, 0x00000007c0000000)
  eden space 300032K, 0% used [0x00000007aab00000,0x00000007aab00000,0x00000007bd000000)
  from space 7680K, 100% used [0x00000007beb00000,0x00000007bf280000,0x00000007bf280000)
  to   space 17920K, 0% used [0x00000007bd000000,0x00000007bd000000,0x00000007be180000)
 ParOldGen       total 65536K, used 48042K [0x0000000780000000, 0x0000000784000000, 0x00000007aab00000)
  object space 65536K, 73% used [0x0000000780000000,0x0000000782eeabc0,0x0000000784000000)
 Metaspace       used 44986K, capacity 46602K, committed 46848K, reserved 1089536K
  class space    used 6144K, capacity 6817K, committed 6912K, reserved 1048576K
}
Event: 23.800 GC heap before
{Heap before GC invocations=19 (full 2):
 PSYoungGen      total 307712K, used 62843K [0x00000007aab00000, 0x00000007bf300000, 0x00000007c0000000)
  eden space 300032K, 18% used [0x00000007aab00000,0x00000007ae0deed8,0x00000007bd000000)
  from space 7680K, 100% used [0x00000007beb00000,0x00000007bf280000,0x00000007bf280000)
  to   space 17920K, 0% used [0x00000007bd000000,0x00000007bd000000,0x00000007be180000)
 ParOldGen       total 65536K, used 48042K [0x0000000780000000, 0x0000000784000000, 0x00000007aab00000)
  object space 65536K, 73% used [0x0000000780000000,0x0000000782eeabc0,0x0000000784000000)
 Metaspace       used 46942K, capacity 49064K, committed 49280K, reserved 1091584K
  class space    used 6464K, capacity 7242K, committed 7296K, reserved 1048576K
Event: 23.826 GC heap after
Heap after GC invocations=19 (full 2):
 PSYoungGen      total 305152K, used 4909K [0x00000007aab00000, 0x00000007bf100000, 0x00000007c0000000)
  eden space 300032K, 0% used [0x00000007aab00000,0x00000007aab00000,0x00000007bd000000)
  from space 5120K, 95% used [0x00000007bd000000,0x00000007bd4cb550,0x00000007bd500000)
  to   space 16896K, 0% used [0x00000007be080000,0x00000007be080000,0x00000007bf100000)
 ParOldGen       total 65536K, used 55757K [0x0000000780000000, 0x0000000784000000, 0x00000007aab00000)
  object space 65536K, 85% used [0x0000000780000000,0x0000000783673510,0x0000000784000000)
 Metaspace       used 46942K, capacity 49064K, committed 49280K, reserved 1091584K
  class space    used 6464K, capacity 7242K, committed 7296K, reserved 1048576K
}
Event: 23.826 GC heap before
{Heap before GC invocations=20 (full 3):
 PSYoungGen      total 305152K, used 4909K [0x00000007aab00000, 0x00000007bf100000, 0x00000007c0000000)
  eden space 300032K, 0% used [0x00000007aab00000,0x00000007aab00000,0x00000007bd000000)
  from space 5120K, 95% used [0x00000007bd000000,0x00000007bd4cb550,0x00000007bd500000)
  to   space 16896K, 0% used [0x00000007be080000,0x00000007be080000,0x00000007bf100000)
 ParOldGen       total 65536K, used 55757K [0x0000000780000000, 0x0000000784000000, 0x00000007aab00000)
  object space 65536K, 85% used [0x0000000780000000,0x0000000783673510,0x0000000784000000)
 Metaspace       used 46942K, capacity 49064K, committed 49280K, reserved 1091584K
  class space    used 6464K, capacity 7242K, committed 7296K, reserved 1048576K
Event: 24.328 GC heap after
Heap after GC invocations=20 (full 3):
 PSYoungGen      total 305152K, used 0K [0x00000007aab00000, 0x00000007bf100000, 0x00000007c0000000)
  eden space 300032K, 0% used [0x00000007aab00000,0x00000007aab00000,0x00000007bd000000)
  from space 5120K, 0% used [0x00000007bd000000,0x00000007bd000000,0x00000007bd500000)
  to   space 16896K, 0% used [0x00000007be080000,0x00000007be080000,0x00000007bf100000)
 ParOldGen       total 65536K, used 57150K [0x0000000780000000, 0x0000000784000000, 0x00000007aab00000)
  object space 65536K, 87% used [0x0000000780000000,0x00000007837cfaf0,0x0000000784000000)
 Metaspace       used 46942K, capacity 49064K, committed 49280K, reserved 1091584K
  class space    used 6464K, capacity 7242K, committed 7296K, reserved 1048576K
}
Event: 38.692 GC heap before
{Heap before GC invocations=21 (full 4):
 PSYoungGen      total 305152K, used 300032K [0x00000007aab00000, 0x00000007bf100000, 0x00000007c0000000)
  eden space 300032K, 100% used [0x00000007aab00000,0x00000007bd000000,0x00000007bd000000)
  from space 5120K, 0% used [0x00000007bd000000,0x00000007bd000000,0x00000007bd500000)
  to   space 16896K, 0% used [0x00000007be080000,0x00000007be080000,0x00000007bf100000)
 ParOldGen       total 65536K, used 57150K [0x0000000780000000, 0x0000000784000000, 0x00000007aab00000)
  object space 65536K, 87% used [0x0000000780000000,0x00000007837cfaf0,0x0000000784000000)
 Metaspace       used 50646K, capacity 53252K, committed 53504K, reserved 1095680K
  class space    used 6970K, capacity 7867K, committed 7936K, reserved 1048576K
Event: 39.105 GC heap after
Heap after GC invocations=21 (full 4):
 PSYoungGen      total 305152K, used 0K [0x00000007aab00000, 0x00000007bf100000, 0x00000007c0000000)
  eden space 300032K, 0% used [0x00000007aab00000,0x00000007aab00000,0x00000007bd000000)
  from space 5120K, 0% used [0x00000007bd000000,0x00000007bd000000,0x00000007bd500000)
  to   space 16896K, 0% used [0x00000007be080000,0x00000007be080000,0x00000007bf100000)
 ParOldGen       total 127488K, used 63280K [0x0000000780000000, 0x0000000787c80000, 0x00000007aab00000)
  object space 127488K, 49% used [0x0000000780000000,0x0000000783dcc1e0,0x0000000787c80000)
 Metaspace       used 50613K, capacity 53138K, committed 53504K, reserved 1095680K
  class space    used 6962K, capacity 7833K, committed 7936K, reserved 1048576K
}

